0 info it worked if it ends with ok
1 verbose cli [ '/usr/local/bin/node', '/usr/local/bin/npm', 'publish' ]
2 info using npm@3.9.5
3 info using node@v6.2.2
4 verbose publish [ '.' ]
5 silly cache add args [ '.', null ]
6 verbose cache add spec .
7 silly cache add parsed spec Result {
7 silly cache add   raw: '.',
7 silly cache add   scope: null,
7 silly cache add   name: null,
7 silly cache add   rawSpec: '.',
7 silly cache add   spec: '/Users/Jesus/Desktop/async-recurse',
7 silly cache add   type: 'directory' }
8 verbose addLocalDirectory /Users/Jesus/.npm/async-recurse/1.0.0/package.tgz not in flight; packing
9 verbose correctMkdir /Users/Jesus/.npm correctMkdir not in flight; initializing
10 info lifecycle async-recurse@1.0.0~prepublish: async-recurse@1.0.0
11 silly lifecycle async-recurse@1.0.0~prepublish: no script for prepublish, continuing
12 verbose tar pack [ '/Users/Jesus/.npm/async-recurse/1.0.0/package.tgz',
12 verbose tar pack   '/Users/Jesus/Desktop/async-recurse' ]
13 verbose tarball /Users/Jesus/.npm/async-recurse/1.0.0/package.tgz
14 verbose folder /Users/Jesus/Desktop/async-recurse
15 verbose addLocalTarball adding from inside cache /Users/Jesus/.npm/async-recurse/1.0.0/package.tgz
16 verbose correctMkdir /Users/Jesus/.npm correctMkdir not in flight; initializing
17 silly cache afterAdd async-recurse@1.0.0
18 verbose afterAdd /Users/Jesus/.npm/async-recurse/1.0.0/package/package.json not in flight; writing
19 verbose correctMkdir /Users/Jesus/.npm correctMkdir not in flight; initializing
20 verbose afterAdd /Users/Jesus/.npm/async-recurse/1.0.0/package/package.json written
21 silly publish { name: 'async-recurse',
21 silly publish   version: '1.0.0',
21 silly publish   description: 'traverse an Object and asynchronously run a task on each element, call a callback when finished, extra options for extra-picky recursion',
21 silly publish   main: 'index.js',
21 silly publish   devDependencies: {},
21 silly publish   scripts: { test: 'node test.js' },
21 silly publish   repository:
21 silly publish    { type: 'git',
21 silly publish      url: 'git+https://github.com/dillonbostwick/async-recursive.git' },
21 silly publish   keywords: [ 'async', 'recursive', 'traverse', 'object' ],
21 silly publish   author: { name: 'Dillon Bostwick' },
21 silly publish   license: 'MIT',
21 silly publish   bugs: { url: 'https://github.com/dillonbostwick/async-recursive/issues' },
21 silly publish   homepage: 'https://github.com/dillonbostwick/async-recursive#readme',
21 silly publish   dependencies: { clone: '2.0.0', lodash: '4.16.6' },
21 silly publish   readme: '# async-recurse\n\n```\nvar asyncRecurse = require(\'async-recurse\');\n\nvar blogPost = {\n\t_id: \'20384\',\n\tcomment: {\n\t\t_user: \'2f930f\',\n\t\t_upvoteUserIds: {\n\t\t\tup: [\'20fj3\', \'39fjs\'],\n\t\t\tdown: [\'29fj3\', \'f93jf\']\n\t\t}\n\t},\n\t_imageIds: [\'20fj3rk4\', \'fj3fj3\']\n}\n\nvar options: {\n\tcanModifyOriginal: true,\n\tincludeLeaves: true,\n\tincludeNonLeaves: true,\n\tdepth: Infinity\n}\n\nvar populateField = (element, callback) => {\n\tif (elementIsId(element)) {\n\t\tpopulateTheId(element, callback);\n\t} else {\n\t\tcallback(null, element);\n\t}\n}\n\nvar done = (err, results) => {\n\tif (err) throw err;\n\n\tconsole.log(results);\n}\n\nasyncRecurse(blogPost, populateField, done, options);\n\n```',
21 silly publish   readmeFilename: 'README.md',
21 silly publish   gitHead: '39323de27e4fdb5c0350a625e07b7eb9a6bc94f1',
21 silly publish   _id: 'async-recurse@1.0.0',
21 silly publish   _shasum: '00f2fb83608417627eaeb39b0a4a2fdbc8f637dd',
21 silly publish   _from: '.' }
22 verbose getPublishConfig undefined
23 silly mapToRegistry name async-recurse
24 silly mapToRegistry using default registry
25 silly mapToRegistry registry https://registry.npmjs.org/
26 silly mapToRegistry data Result {
26 silly mapToRegistry   raw: 'async-recurse',
26 silly mapToRegistry   scope: null,
26 silly mapToRegistry   name: 'async-recurse',
26 silly mapToRegistry   rawSpec: '',
26 silly mapToRegistry   spec: 'latest',
26 silly mapToRegistry   type: 'tag' }
27 silly mapToRegistry uri https://registry.npmjs.org/async-recurse
28 verbose publish registryBase https://registry.npmjs.org/
29 silly publish uploading /Users/Jesus/.npm/async-recurse/1.0.0/package.tgz
30 verbose request uri https://registry.npmjs.org/async-recurse
31 verbose request sending authorization for write operation
32 info attempt registry request try #1 at 5:28:01 PM
33 verbose request using bearer token for auth
34 verbose request id e7ed4f8147848a55
35 http request PUT https://registry.npmjs.org/async-recurse
36 http 403 https://registry.npmjs.org/async-recurse
37 verbose headers { 'content-type': 'application/json',
37 verbose headers   'cache-control': 'max-age=300',
37 verbose headers   'content-length': '95',
37 verbose headers   'accept-ranges': 'bytes',
37 verbose headers   date: 'Mon, 07 Nov 2016 22:28:02 GMT',
37 verbose headers   via: '1.1 varnish',
37 verbose headers   connection: 'keep-alive',
37 verbose headers   'x-served-by': 'cache-atl6235-ATL',
37 verbose headers   'x-cache': 'MISS',
37 verbose headers   'x-cache-hits': '0',
37 verbose headers   'x-timer': 'S1478557681.704158,VS0,VE731',
37 verbose headers   vary: 'Accept-Encoding' }
38 verbose request invalidating /Users/Jesus/.npm/registry.npmjs.org/async-recurse on PUT
39 error publish Failed PUT 403
40 verbose stack Error: "You cannot publish over the previously published version 1.0.0." : async-recurse
40 verbose stack     at makeError (/usr/local/lib/node_modules/npm/node_modules/npm-registry-client/lib/request.js:264:12)
40 verbose stack     at CachingRegistryClient.<anonymous> (/usr/local/lib/node_modules/npm/node_modules/npm-registry-client/lib/request.js:252:14)
40 verbose stack     at Request._callback (/usr/local/lib/node_modules/npm/node_modules/npm-registry-client/lib/request.js:172:14)
40 verbose stack     at Request.self.callback (/usr/local/lib/node_modules/npm/node_modules/request/request.js:200:22)
40 verbose stack     at emitTwo (events.js:106:13)
40 verbose stack     at Request.emit (events.js:191:7)
40 verbose stack     at Request.<anonymous> (/usr/local/lib/node_modules/npm/node_modules/request/request.js:1067:10)
40 verbose stack     at emitOne (events.js:101:20)
40 verbose stack     at Request.emit (events.js:188:7)
40 verbose stack     at IncomingMessage.<anonymous> (/usr/local/lib/node_modules/npm/node_modules/request/request.js:988:12)
41 verbose statusCode 403
42 verbose pkgid async-recurse
43 verbose cwd /Users/Jesus/Desktop/async-recurse
44 error Darwin 16.1.0
45 error argv "/usr/local/bin/node" "/usr/local/bin/npm" "publish"
46 error node v6.2.2
47 error npm  v3.9.5
48 error code E403
49 error "You cannot publish over the previously published version 1.0.0." : async-recurse
50 error If you need help, you may report this error at:
50 error     <https://github.com/npm/npm/issues>
51 verbose exit [ 1, true ]
